<?xml version="1.0" encoding="UTF-8"?>
<!-- Generated by org.testng.reporters.JUnitReportReporter -->
<testsuite hostname="DESKTOP-1CCS179" failures="0" tests="2" name="com.odoo.ap.testlayer.LoginTest" time="15.044" errors="0" timestamp="2024-02-26T20:17:16 IST" skipped="0">
  <testcase classname="com.odoo.ap.testlayer.LoginTest" name="validate_user_should_be_log_in_by_entering_invalid_inputs" time="7.220"/>
  <system-out/>
  <testcase classname="com.odoo.ap.testlayer.LoginTest" name="validate_user_should_be_log_in_entering_all_valid_inputs" time="7.824"/>
  <system-out/>
</testsuite> <!-- com.odoo.ap.testlayer.LoginTest -->
