<?xml version="1.0" encoding="UTF-8"?>
<!-- Generated by org.testng.reporters.JUnitReportReporter -->
<testsuite hostname="DESKTOP-1CCS179" failures="0" tests="1" name="com.odoo.ap.testbase.TestBase" time="10.595" errors="0" timestamp="2024-02-20T19:30:45 IST" skipped="0">
  <testcase classname="com.odoo.ap.testbase.TestBase" name="test1" time="10.595"/>
  <system-out/>
</testsuite> <!-- com.odoo.ap.testbase.TestBase -->
