<?xml version="1.0" encoding="UTF-8"?>
<!-- Generated by org.testng.reporters.JUnitReportReporter -->
<testsuite hostname="DESKTOP-1CCS179" failures="0" tests="1" name="com.odoo.ap.testlayer.AddressTest" time="13.847" errors="0" timestamp="2024-02-26T20:17:16 IST" skipped="0">
  <testcase classname="com.odoo.ap.testlayer.AddressTest" name="addNewAddress" time="13.847"/>
  <system-out/>
</testsuite> <!-- com.odoo.ap.testlayer.AddressTest -->
